library/umeng/build/intermediates/manifest_merge_blame_file/debug/manifest-merger-blame-debug-report.txt
1<?xml version="1.0" encoding="utf-8"?>
2<manifest xmlns:android="http://schemas.android.com/apk/res/android"
3    xmlns:tools="http://schemas.android.com/tools"
4    package="com.hjq.umeng" >
5
6    <uses-sdk
7        android:minSdkVersion="21"
7-->src/main/AndroidManifest.xml
8        android:targetSdkVersion="30" />
8-->src/main/AndroidManifest.xml
9
10    <!-- 共同权限 -->
11    <uses-permission android:name="android.permission.INTERNET" />
11-->src/main/AndroidManifest.xml:6:5-67
11-->src/main/AndroidManifest.xml:6:22-64
12    <uses-permission android:name="android.permission.ACCESS_WIFI_STATE" />
12-->src/main/AndroidManifest.xml:7:5-76
12-->src/main/AndroidManifest.xml:7:22-73
13    <uses-permission android:name="android.permission.ACCESS_NETWORK_STATE" />
13-->src/main/AndroidManifest.xml:8:5-79
13-->src/main/AndroidManifest.xml:8:22-76
14
15    <!-- 友盟统计 -->
16    <uses-permission android:name="android.permission.READ_PHONE_STATE" />
16-->src/main/AndroidManifest.xml:11:5-75
16-->src/main/AndroidManifest.xml:11:22-72
17
18    <!-- 友盟社会化 -->
19    <uses-permission android:name="android.permission.READ_EXTERNAL_STORAGE" />
19-->src/main/AndroidManifest.xml:14:5-80
19-->src/main/AndroidManifest.xml:14:22-77
20    <uses-permission android:name="android.permission.WRITE_EXTERNAL_STORAGE" />
20-->src/main/AndroidManifest.xml:15:5-81
20-->src/main/AndroidManifest.xml:15:22-78
21
22    <!-- Android 11 软件包可见性适配：https://developer.android.google.cn/about/versions/11/privacy/package-visibility -->
23    <queries>
23-->src/main/AndroidManifest.xml:70:5-75:15
24
25        <!-- 手机 QQ 的包名 -->
26        <package android:name="com.tencent.mobileqq" />
26-->src/main/AndroidManifest.xml:72:9-56
26-->src/main/AndroidManifest.xml:72:18-53
27        <!-- 微信的包名 -->
28        <package android:name="com.tencent.mm" />
28-->src/main/AndroidManifest.xml:74:9-50
28-->src/main/AndroidManifest.xml:74:18-47
29    </queries>
30
31    <application>
31-->src/main/AndroidManifest.xml:17:5-67:19
32
33        <!-- 友盟 Key（请在 Gradle 中配置，请不要在此处修改） -->
34        <meta-data
35            android:name="UM_KEY"
35-->src/main/AndroidManifest.xml:21:13-34
36            android:value="5cb16d93570df399fd0014e2" />
36-->src/main/AndroidManifest.xml:22:13-38
37
38        <!-- QQ AppId（请在 Gradle 中配置，请不要在此处修改） -->
39        <meta-data
40            android:name="QQ_ID"
40-->src/main/AndroidManifest.xml:26:13-33
41            android:value="101828096" />
41-->src/main/AndroidManifest.xml:27:13-37
42        <!-- QQ Secret（请在 Gradle 中配置，请不要在此处修改） -->
43        <meta-data
44            android:name="QQ_SECRET"
44-->src/main/AndroidManifest.xml:30:13-37
45            android:value="9dfd3300c3aa3c4596a07796c64914b2" />
45-->src/main/AndroidManifest.xml:31:13-41
46
47        <!-- 微信 AppId（请在 Gradle 中配置，请不要在此处修改） -->
48        <meta-data
49            android:name="WX_ID"
49-->src/main/AndroidManifest.xml:35:13-33
50            android:value="wxd35706cc9f46114c" />
50-->src/main/AndroidManifest.xml:36:13-37
51        <!-- 微信 Secret（请在 Gradle 中配置，请不要在此处修改） -->
52        <meta-data
53            android:name="WX_SECRET"
53-->src/main/AndroidManifest.xml:39:13-37
54            android:value="0c8c7cf831dd135a32b3e395ea459b5a" />
54-->src/main/AndroidManifest.xml:40:13-41
55
56        <!-- 友盟社会化 -->
57
58
59        <!-- QQ 回调 -->
60        <activity
60-->src/main/AndroidManifest.xml:45:9-59:20
61            android:name="com.tencent.tauth.AuthActivity"
61-->src/main/AndroidManifest.xml:46:13-58
62            android:exported="true"
62-->src/main/AndroidManifest.xml:50:13-36
63            android:launchMode="singleTask"
63-->src/main/AndroidManifest.xml:47:13-44
64            android:noHistory="true"
64-->src/main/AndroidManifest.xml:48:13-37
65            tools:node="replace" >
65-->src/main/AndroidManifest.xml:49:13-33
66            <intent-filter>
66-->src/main/AndroidManifest.xml:51:13-58:29
67                <action android:name="android.intent.action.VIEW" />
67-->src/main/AndroidManifest.xml:52:17-69
67-->src/main/AndroidManifest.xml:52:25-66
68
69                <category android:name="android.intent.category.DEFAULT" />
69-->src/main/AndroidManifest.xml:54:17-76
69-->src/main/AndroidManifest.xml:54:27-73
70                <category android:name="android.intent.category.BROWSABLE" />
70-->src/main/AndroidManifest.xml:55:17-78
70-->src/main/AndroidManifest.xml:55:27-75
71
72                <data android:scheme="tencent101828096" />
72-->src/main/AndroidManifest.xml:57:23-55
73            </intent-filter>
74        </activity>
75        <activity
75-->src/main/AndroidManifest.xml:61:9-65:36
76            android:name="com.tencent.connect.common.AssistActivity"
76-->src/main/AndroidManifest.xml:62:13-69
77            android:configChanges="orientation|keyboardHidden"
77-->src/main/AndroidManifest.xml:63:13-63
78            android:theme="@android:style/Theme.Translucent.NoTitleBar"
78-->src/main/AndroidManifest.xml:64:13-72
79            tools:node="replace" />
79-->src/main/AndroidManifest.xml:65:13-33
80    </application>
81
82</manifest>